[pages/index.html]
[backblue.gif]
[fade.gif]
[index.html]
[static.tildacdn.com/tild6162-3538-4862-b765-393563316639/favicon_2.ico]
[static.tildacdn.com/tild3534-6139-4261-a664-663663333739/favicon_2.ico]
[static.tildacdn.com/index.html]
[static.tildacdn.com/css/tilda-grid-3.0.min.css]
[tilda.ws/project1990202/tilda-blocks-2.12c57c.css]
[static.tildacdn.com/css/tilda-animation-1.0.min.css]
[static.tildacdn.com/css/tilda-slds-1.4.min.css]
[static.tildacdn.com/css/tilda-zoom-2.0.min.css]
[static.tildacdn.com/css/tilda-menusub-1.0.min.css]
[static.tildacdn.com/js/jquery-1.10.2.min.js]
[static.tildacdn.com/js/tilda-scripts-2.8.min.js]
[tilda.ws/project1990202/tilda-blocks-2.7c57c.js]
[static.tildacdn.com/js/lazyload-1.3.min.js]
[static.tildacdn.com/js/tilda-animation-1.0.min.js]
[static.tildacdn.com/js/tilda-slds-1.4.min.js]
[static.tildacdn.com/js/hammer.min.js]
[static.tildacdn.com/js/tilda-zoom-2.0.min.js]
[static.tildacdn.com/js/tilda-animation-sbs-1.0.min.js]
[static.tildacdn.com/js/tilda-menusub-1.0.min.js]
[static.tildacdn.com/tild6636-3435-4637-b333-396162653438/Logo_IM_04.svg]
[pages/portfolio.html]
[pages/about.html]
[pages/contact.html]
[static.tildacdn.com/tild3233-3133-4561-b935-333861366434/Logo_IM_04.svg]
[pages/eventssion.html]
[pages/mobile-app-move.html]
[pages/landing-page-for-organizers.html]
[pages/hotel-green-theatre.html]
[pages/hotel-alfa.html]
[pages/cdn-cgi/l/email-protection.html]
[pages/cdn-cgi/scripts/5c5dd728/cloudflare-static/email-decode.min.js]
[static.tildacdn.com/img/tildacopy.png]
[pages/index.html]
[stat.tildacdn.com/js/tildastat-0.2.min.js]
[tilda.ws/index.html]
[static.tildacdn.com/index.html]
[static.tildacdn.com/css/tilda-grid-3.0.min.css]
[tilda.ws/project1990202/tilda-blocks-2.12c57c.css]
[static.tildacdn.com/css/tilda-animation-1.0.min.css]
[static.tildacdn.com/css/tilda-slds-1.4.min.css]
[static.tildacdn.com/css/tilda-zoom-2.0.min.css]
[static.tildacdn.com/css/tilda-menusub-1.0.min.css]
[tilda.ws/project1990202/tilda-blocks-2.7c57c.js]
[static.tildacdn.com/tild6636-3435-4637-b333-396162653438/Logo_IM_04.svg]
[pages/portfolio.html]
[static.tildacdn.com/tild3638-6466-4633-b063-393931323965/favicon_2.ico]
[pages/about.html]
[static.tildacdn.com/tild3966-6162-4331-b461-633332383739/fivecon.png]
[pages/contact.html]
[static.tildacdn.com/tild3233-3133-4561-b935-333861366434/Logo_IM_04.svg]
[static.tildacdn.com/tild6137-3039-4538-a334-353538316635/favicon_2.ico]
[pages/eventssion.html]
[static.tildacdn.com/tild3239-6162-4933-b464-333561633730/favicon_2.ico]
[pages/mobile-app-move.html]
[static.tildacdn.com/tild6430-3232-4637-b335-356164633331/favicon_2.ico]
[pages/landing-page-for-organizers.html]
[static.tildacdn.com/tild6361-6130-4665-b131-656434643636/favicon_2.ico]
[pages/hotel-green-theatre.html]
[static.tildacdn.com/tild3230-3539-4632-a465-646565383238/favicon_2.ico]
[pages/hotel-alfa.html]
[pages/cdn-cgi/l/email-protection.html]
[fonts.googleapis.com/cssb857.css]
